<?xml version="1.0" encoding="UTF-8"?>
<testng-results ignored="0" total="1" passed="1" failed="0" skipped="0">
  <reporter-output>
  </reporter-output>
  <suite started-at="2026-01-19T22:06:49 IST" name="Surefire suite" finished-at="2026-01-19T22:06:58 IST" duration-ms="8772">
    <groups>
    </groups>
    <test started-at="2026-01-19T22:06:49 IST" name="Surefire test" finished-at="2026-01-19T22:06:58 IST" duration-ms="8772">
      <class name="com.qa.sj.LoginPageTest">
        <test-method signature="setup()[pri:0, instance:com.qa.sj.LoginPageTest@12405818]" started-at="2026-01-19T22:06:49 IST" name="setup" finished-at="2026-01-19T22:06:58 IST" duration-ms="8718" status="PASS">
          <reporter-output>
          </reporter-output>
        </test-method> <!-- setup -->
      </class> <!-- com.qa.sj.LoginPageTest -->
    </test> <!-- Surefire test -->
  </suite> <!-- Surefire suite -->
</testng-results>
